<?xml version="1.0" encoding="UTF-8"?>
<!-- Generated by org.testng.reporters.JUnitReportReporter -->
<testsuite hostname="LAPTOP-JK0MPD96" failures="0" tests="1" name="com.test.qa.OyoTest" time="5.221" errors="0" timestamp="2023-03-24T15:43:07 IST" skipped="0">
  <testcase classname="com.test.qa.OyoTest" name="verifyOyoPage" time="5.221"/>
  <system-out>
    <![CDATA[verifyOyoLogo
verifyHeaderLinks
verifySearchBar
verifySearchButton
verifyTagLine]]>
  </system-out>
</testsuite> <!-- com.test.qa.OyoTest -->
