<?xml version="1.0" encoding="UTF-8"?>
<!-- Generated by org.testng.reporters.JUnitReportReporter -->
<testsuite hostname="LAPTOP-JK0MPD96" failures="0" tests="2" name="com.base.qa.TestBase" time="12.506" errors="0" timestamp="2023-03-24T10:35:22 IST" skipped="0">
  <testcase classname="com.base.qa.TestBase" name="launchBrowser" time="4.341"/>
  <system-out/>
  <testcase classname="com.base.qa.TestBase" name="launchBrowser" time="8.165"/>
  <system-out/>
</testsuite> <!-- com.base.qa.TestBase -->
