<?xml version="1.0" encoding="UTF-8"?>
<!-- Generated by org.testng.reporters.JUnitReportReporter -->
<testsuite hostname="LAPTOP-JK0MPD96" failures="0" tests="2" name="AllClasses.Calander" time="6.515" errors="0" timestamp="2023-03-24T22:47:19 IST" skipped="0">
  <testcase classname="AllClasses.Calander" name="setup" time="4.274"/>
  <system-out/>
  <testcase classname="AllClasses.Calander" name="calanderAuto" time="2.241"/>
  <system-out/>
</testsuite> <!-- AllClasses.Calander -->
